<?xml version="1.0" encoding="UTF-8"?>
<!-- Generated by org.testng.reporters.JUnitXMLReporter -->
<testsuite ignored="0" hostname="LAPTOP-S726QHAR" failures="0" tests="1" name="Test" time="2.313" errors="0" timestamp="2021-12-23T20:02:25 IST">
  <testcase classname="com.actitime.generic.BaseClass" name="@BeforeTest openBrowser" time="2.226">
    <failure type="org.openqa.selenium.SessionNotCreatedException" message="session not created: This version of ChromeDriver only supports Chrome version 94
Current browser version is 96.0.4664.110 with binary path C:\Users\HP\AppData\Local\Google\Chrome\Application\chrome.exe
Build info: version: &amp;apos;3.141.59&amp;apos;, revision: &amp;apos;e82be7d358&amp;apos;, time: &amp;apos;2018-11-14T08:25:53&amp;apos;
System info: host: &amp;apos;LAPTOP-S726QHAR&amp;apos;, ip: &amp;apos;192.168.81.1&amp;apos;, os.name: &amp;apos;Windows 10&amp;apos;, os.arch: &amp;apos;amd64&amp;apos;, os.version: &amp;apos;10.0&amp;apos;, java.version: &amp;apos;16.0.2&amp;apos;
Driver info: driver.version: ChromeDriver
remote stacktrace: Backtrace:
	Ordinal0 [0x0049B9D3+2472403]
	Ordinal0 [0x00436961+2058593]
	Ordinal0 [0x003422B8+1057464]
	Ordinal0 [0x003603FA+1180666]
	Ordinal0 [0x0035C2E5+1164005]
	Ordinal0 [0x00359B7F+1153919]
	Ordinal0 [0x0038997F+1350015]
	Ordinal0 [0x003895EA+1349098]
	Ordinal0 [0x0038545B+1332315]
	Ordinal0 [0x00361FB4+1187764]
	Ordinal0 [0x00362E09+1191433]
	GetHandleVerifier [0x00623396+1551078]
	GetHandleVerifier [0x006CD53A+2247818]
	GetHandleVerifier [0x00527FBB+521995]
	GetHandleVerifier [0x00527079+518089]
	Ordinal0 [0x0043BD4D+2080077]
	Ordinal0 [0x0043FC18+2096152]
	Ordinal0 [0x0043FD52+2096466]
	Ordinal0 [0x004494B1+2135217]
	BaseThreadInitThunk [0x755C6739+25]
	RtlGetFullPathName_UEx [0x77378AFF+1215]
	RtlGetFullPathName_UEx [0x77378ACD+1165]
">
      <![CDATA[org.openqa.selenium.SessionNotCreatedException: session not created: This version of ChromeDriver only supports Chrome version 94
Current browser version is 96.0.4664.110 with binary path C:\Users\HP\AppData\Local\Google\Chrome\Application\chrome.exe
Build info: version: '3.141.59', revision: 'e82be7d358', time: '2018-11-14T08:25:53'
System info: host: 'LAPTOP-S726QHAR', ip: '192.168.81.1', os.name: 'Windows 10', os.arch: 'amd64', os.version: '10.0', java.version: '16.0.2'
Driver info: driver.version: ChromeDriver
remote stacktrace: Backtrace:
Ordinal0 [0x0049B9D3+2472403]
Ordinal0 [0x00436961+2058593]
Ordinal0 [0x003422B8+1057464]
Ordinal0 [0x003603FA+1180666]
Ordinal0 [0x0035C2E5+1164005]
Ordinal0 [0x00359B7F+1153919]
Ordinal0 [0x0038997F+1350015]
Ordinal0 [0x003895EA+1349098]
Ordinal0 [0x0038545B+1332315]
Ordinal0 [0x00361FB4+1187764]
Ordinal0 [0x00362E09+1191433]
GetHandleVerifier [0x00623396+1551078]
GetHandleVerifier [0x006CD53A+2247818]
GetHandleVerifier [0x00527FBB+521995]
GetHandleVerifier [0x00527079+518089]
Ordinal0 [0x0043BD4D+2080077]
Ordinal0 [0x0043FC18+2096152]
Ordinal0 [0x0043FD52+2096466]
Ordinal0 [0x004494B1+2135217]
BaseThreadInitThunk [0x755C6739+25]
RtlGetFullPathName_UEx [0x77378AFF+1215]
RtlGetFullPathName_UEx [0x77378ACD+1165]

at org.openqa.selenium.remote.W3CHandshakeResponse.lambda$errorHandler$0(W3CHandshakeResponse.java:62)
at org.openqa.selenium.remote.HandshakeResponse.lambda$getResponseFunction$0(HandshakeResponse.java:30)
at org.openqa.selenium.remote.ProtocolHandshake.lambda$createSession$0(ProtocolHandshake.java:126)
at java.base/java.util.stream.ReferencePipeline$3$1.accept(ReferencePipeline.java:197)
at java.base/java.util.Spliterators$ArraySpliterator.tryAdvance(Spliterators.java:958)
at java.base/java.util.stream.ReferencePipeline.forEachWithCancel(ReferencePipeline.java:129)
at java.base/java.util.stream.AbstractPipeline.copyIntoWithCancel(AbstractPipeline.java:502)
at java.base/java.util.stream.AbstractPipeline.copyInto(AbstractPipeline.java:488)
at java.base/java.util.stream.AbstractPipeline.wrapAndCopyInto(AbstractPipeline.java:474)
at java.base/java.util.stream.FindOps$FindOp.evaluateSequential(FindOps.java:150)
at java.base/java.util.stream.AbstractPipeline.evaluate(AbstractPipeline.java:234)
at java.base/java.util.stream.ReferencePipeline.findFirst(ReferencePipeline.java:647)
at org.openqa.selenium.remote.ProtocolHandshake.createSession(ProtocolHandshake.java:128)
at org.openqa.selenium.remote.ProtocolHandshake.createSession(ProtocolHandshake.java:74)
at org.openqa.selenium.remote.HttpCommandExecutor.execute(HttpCommandExecutor.java:136)
at org.openqa.selenium.remote.service.DriverCommandExecutor.execute(DriverCommandExecutor.java:83)
at org.openqa.selenium.remote.RemoteWebDriver.execute(RemoteWebDriver.java:552)
at org.openqa.selenium.remote.RemoteWebDriver.startSession(RemoteWebDriver.java:213)
at org.openqa.selenium.remote.RemoteWebDriver.<init>(RemoteWebDriver.java:131)
at org.openqa.selenium.chrome.ChromeDriver.<init>(ChromeDriver.java:181)
at org.openqa.selenium.chrome.ChromeDriver.<init>(ChromeDriver.java:168)
at org.openqa.selenium.chrome.ChromeDriver.<init>(ChromeDriver.java:123)
at com.actitime.generic.BaseClass.openBrowser(BaseClass.java:27)
... Removed 29 stack frames]]>
    </failure>
  </testcase> <!-- @BeforeTest openBrowser -->
  <testcase classname="com.actitime.generic.BaseClass" name="@BeforeMethod login" time="-1.640269945558E9">
    <skipped/>
  </testcase> <!-- @BeforeMethod login -->
  <testcase classname="com.actitime.generic.BaseClass" name="@AfterMethod logout" time="-1.640269945571E9">
    <skipped/>
  </testcase> <!-- @AfterMethod logout -->
  <testcase classname="com.actitime.generic.BaseClass" name="@AfterTest closeBrowser" time="-1.640269945575E9">
    <skipped/>
  </testcase> <!-- @AfterTest closeBrowser -->
  <testcase classname="com.actitime.testscript.CutomerModule" name="testCreateCustomer" time="0.0">
    <skipped/>
  </testcase> <!-- testCreateCustomer -->
</testsuite> <!-- Test -->
